Warning: /usr/lib/sqoop/../accumulo does not exist! Accumulo imports will fail.
Please set $ACCUMULO_HOME to the root of your Accumulo installation.
18/06/06 16:23:49 INFO sqoop.Sqoop: Running Sqoop version: 1.4.6-cdh5.14.2
18/06/06 16:23:50 ERROR sqoop.SqoopOptions: It seems that you have launched a Sqoop metastore job via
18/06/06 16:23:50 ERROR sqoop.SqoopOptions: Oozie with sqoop.metastore.client.record.password disabled.
18/06/06 16:23:50 ERROR sqoop.SqoopOptions: But this configuration is not supported because Sqoop can't
18/06/06 16:23:50 ERROR sqoop.SqoopOptions: prompt the user to enter the password while being executed
18/06/06 16:23:50 ERROR sqoop.SqoopOptions: as Oozie tasks. Please enable sqoop.metastore.client.record
18/06/06 16:23:50 ERROR sqoop.SqoopOptions: .password in sqoop-site.xml, or provide the password
18/06/06 16:23:50 ERROR sqoop.SqoopOptions: explicitly using --password in the command tag of the Oozie
18/06/06 16:23:50 ERROR sqoop.SqoopOptions: workflow file.
18/06/06 16:23:50 INFO manager.MySQLManager: Preparing to use a MySQL streaming resultset.
18/06/06 16:23:50 INFO tool.CodeGenTool: Beginning code generation
18/06/06 16:23:50 ERROR manager.SqlManager: Error executing statement: java.sql.SQLException: Access denied for user 'root'@'localhost' (using password: NO)
java.sql.SQLException: Access denied for user 'root'@'localhost' (using password: NO)
	at com.mysql.jdbc.SQLError.createSQLException(SQLError.java:996)
	at com.mysql.jdbc.MysqlIO.checkErrorPacket(MysqlIO.java:3887)
	at com.mysql.jdbc.MysqlIO.checkErrorPacket(MysqlIO.java:3823)
	at com.mysql.jdbc.MysqlIO.checkErrorPacket(MysqlIO.java:870)
	at com.mysql.jdbc.MysqlIO.secureAuth411(MysqlIO.java:4332)
	at com.mysql.jdbc.MysqlIO.doHandshake(MysqlIO.java:1258)
	at com.mysql.jdbc.ConnectionImpl.coreConnect(ConnectionImpl.java:2234)
	at com.mysql.jdbc.ConnectionImpl.connectOneTryOnly(ConnectionImpl.java:2265)
	at com.mysql.jdbc.ConnectionImpl.createNewIO(ConnectionImpl.java:2064)
	at com.mysql.jdbc.ConnectionImpl.<init>(ConnectionImpl.java:790)
	at com.mysql.jdbc.JDBC4Connection.<init>(JDBC4Connection.java:44)
	at sun.reflect.NativeConstructorAccessorImpl.newInstance0(Native Method)
	at sun.reflect.NativeConstructorAccessorImpl.newInstance(NativeConstructorAccessorImpl.java:57)
	at sun.reflect.DelegatingConstructorAccessorImpl.newInstance(DelegatingConstructorAccessorImpl.java:45)
	at java.lang.reflect.Constructor.newInstance(Constructor.java:526)
	at com.mysql.jdbc.Util.handleNewInstance(Util.java:377)
	at com.mysql.jdbc.ConnectionImpl.getInstance(ConnectionImpl.java:395)
	at com.mysql.jdbc.NonRegisteringDriver.connect(NonRegisteringDriver.java:325)
	at java.sql.DriverManager.getConnection(DriverManager.java:571)
	at java.sql.DriverManager.getConnection(DriverManager.java:215)
	at org.apache.sqoop.manager.SqlManager.makeConnection(SqlManager.java:904)
	at org.apache.sqoop.manager.GenericJdbcManager.getConnection(GenericJdbcManager.java:52)
	at org.apache.sqoop.manager.SqlManager.execute(SqlManager.java:763)
	at org.apache.sqoop.manager.SqlManager.execute(SqlManager.java:786)
	at org.apache.sqoop.manager.SqlManager.getColumnInfoForRawQuery(SqlManager.java:289)
	at org.apache.sqoop.manager.SqlManager.getColumnTypesForRawQuery(SqlManager.java:260)
	at org.apache.sqoop.manager.SqlManager.getColumnTypes(SqlManager.java:246)
	at org.apache.sqoop.manager.ConnManager.getColumnTypes(ConnManager.java:327)
	at org.apache.sqoop.orm.ClassWriter.getColumnTypes(ClassWriter.java:1858)
	at org.apache.sqoop.orm.ClassWriter.generate(ClassWriter.java:1657)
	at org.apache.sqoop.tool.CodeGenTool.generateORM(CodeGenTool.java:106)
	at org.apache.sqoop.tool.ImportTool.importTable(ImportTool.java:494)
	at org.apache.sqoop.tool.ImportTool.run(ImportTool.java:621)
	at org.apache.sqoop.tool.JobTool.execJob(JobTool.java:244)
	at org.apache.sqoop.tool.JobTool.run(JobTool.java:299)
	at org.apache.sqoop.Sqoop.run(Sqoop.java:147)
	at org.apache.hadoop.util.ToolRunner.run(ToolRunner.java:70)
	at org.apache.sqoop.Sqoop.runSqoop(Sqoop.java:183)
	at org.apache.sqoop.Sqoop.runTool(Sqoop.java:234)
	at org.apache.sqoop.Sqoop.runTool(Sqoop.java:243)
	at org.apache.sqoop.Sqoop.main(Sqoop.java:252)
18/06/06 16:23:50 ERROR tool.ImportTool: Import failed: java.io.IOException: No columns to generate for ClassWriter
	at org.apache.sqoop.orm.ClassWriter.generate(ClassWriter.java:1663)
	at org.apache.sqoop.tool.CodeGenTool.generateORM(CodeGenTool.java:106)
	at org.apache.sqoop.tool.ImportTool.importTable(ImportTool.java:494)
	at org.apache.sqoop.tool.ImportTool.run(ImportTool.java:621)
	at org.apache.sqoop.tool.JobTool.execJob(JobTool.java:244)
	at org.apache.sqoop.tool.JobTool.run(JobTool.java:299)
	at org.apache.sqoop.Sqoop.run(Sqoop.java:147)
	at org.apache.hadoop.util.ToolRunner.run(ToolRunner.java:70)
	at org.apache.sqoop.Sqoop.runSqoop(Sqoop.java:183)
	at org.apache.sqoop.Sqoop.runTool(Sqoop.java:234)
	at org.apache.sqoop.Sqoop.runTool(Sqoop.java:243)
	at org.apache.sqoop.Sqoop.main(Sqoop.java:252)

Warning: /usr/lib/sqoop/../accumulo does not exist! Accumulo imports will fail.
Please set $ACCUMULO_HOME to the root of your Accumulo installation.
18/06/06 16:26:35 INFO sqoop.Sqoop: Running Sqoop version: 1.4.6-cdh5.14.2
18/06/06 16:26:37 INFO manager.MySQLManager: Preparing to use a MySQL streaming resultset.
18/06/06 16:26:37 INFO tool.CodeGenTool: Beginning code generation
18/06/06 16:26:37 INFO manager.SqlManager: Executing SQL statement: SELECT t.* FROM `activitylog` AS t LIMIT 1
18/06/06 16:26:37 INFO manager.SqlManager: Executing SQL statement: SELECT t.* FROM `activitylog` AS t LIMIT 1
18/06/06 16:26:37 INFO orm.CompilationManager: HADOOP_MAPRED_HOME is /usr/lib/hadoop-mapreduce
Note: /tmp/sqoop-root/compile/5620f7f8b174a26fdf93cccb1484df7c/activitylog.java uses or overrides a deprecated API.
Note: Recompile with -Xlint:deprecation for details.
18/06/06 16:26:39 INFO orm.CompilationManager: Writing jar file: /tmp/sqoop-root/compile/5620f7f8b174a26fdf93cccb1484df7c/activitylog.jar
18/06/06 16:26:39 INFO tool.ImportTool: Maximal id query for free form incremental import: SELECT MAX(`id`) FROM `activitylog`
18/06/06 16:26:39 INFO tool.ImportTool: Incremental import based on column `id`
18/06/06 16:26:39 INFO tool.ImportTool: No new rows detected since last import.
